
==========================================================================
floorplan final report_tns
--------------------------------------------------------------------------
tns max 0.00

==========================================================================
floorplan final report_wns
--------------------------------------------------------------------------
wns max 0.00

==========================================================================
floorplan final report_worst_slack
--------------------------------------------------------------------------
worst slack max 6.62

==========================================================================
floorplan final report_clock_min_period
--------------------------------------------------------------------------
core_clk period_min = 3.38 fmax = 295.69

==========================================================================
floorplan final report_checks -path_delay min
--------------------------------------------------------------------------
Startpoint: rst (input port clocked by core_clk)
Endpoint: MASTER.bit_cnt[0]$_DFFE_PP0P_
          (removal check against rising-edge clock core_clk)
Path Group: asynchronous
Path Type: min

Fanout     Cap    Slew   Delay    Time   Description
-----------------------------------------------------------------------------
                  0.00    0.00    0.00   clock core_clk (rise edge)
                          0.00    0.00   clock network delay (ideal)
                          2.00    2.00 v input external delay
     1    0.00    0.00    0.00    2.00 v rst (in)
                                         rst (net)
                  0.00    0.00    2.00 v _296_/A (sky130_fd_sc_hd__inv_1)
    55    0.20    1.61    1.14    3.14 ^ _296_/Y (sky130_fd_sc_hd__inv_1)
                                         _032_ (net)
                  1.61    0.00    3.14 ^ MASTER.bit_cnt[0]$_DFFE_PP0P_/RESET_B (sky130_fd_sc_hd__dfrtp_1)
                                  3.14   data arrival time

                  0.00    0.00    0.00   clock core_clk (rise edge)
                          0.00    0.00   clock network delay (ideal)
                          0.00    0.00   clock reconvergence pessimism
                                  0.00 ^ MASTER.bit_cnt[0]$_DFFE_PP0P_/CLK (sky130_fd_sc_hd__dfrtp_1)
                          0.73    0.73   library removal time
                                  0.73   data required time
-----------------------------------------------------------------------------
                                  0.73   data required time
                                 -3.14   data arrival time
-----------------------------------------------------------------------------
                                  2.41   slack (MET)


Startpoint: MASTER.state[2]$_DFF_PP0_
            (rising edge-triggered flip-flop clocked by core_clk)
Endpoint: MASTER.cs$_DFFE_PP1P_
          (rising edge-triggered flip-flop clocked by core_clk)
Path Group: core_clk
Path Type: min

Fanout     Cap    Slew   Delay    Time   Description
-----------------------------------------------------------------------------
                  0.00    0.00    0.00   clock core_clk (rise edge)
                          0.00    0.00   clock network delay (ideal)
                  0.00    0.00    0.00 ^ MASTER.state[2]$_DFF_PP0_/CLK (sky130_fd_sc_hd__dfrtp_1)
     3    0.01    0.08    0.33    0.33 ^ MASTER.state[2]$_DFF_PP0_/Q (sky130_fd_sc_hd__dfrtp_1)
                                         MASTER.state[2] (net)
                  0.08    0.00    0.33 ^ _331_/A1 (sky130_fd_sc_hd__o21ai_0)
     1    0.00    0.05    0.08    0.41 v _331_/Y (sky130_fd_sc_hd__o21ai_0)
                                         _037_ (net)
                  0.05    0.00    0.41 v MASTER.cs$_DFFE_PP1P_/D (sky130_fd_sc_hd__dfstp_2)
                                  0.41   data arrival time

                  0.00    0.00    0.00   clock core_clk (rise edge)
                          0.00    0.00   clock network delay (ideal)
                          0.00    0.00   clock reconvergence pessimism
                                  0.00 ^ MASTER.cs$_DFFE_PP1P_/CLK (sky130_fd_sc_hd__dfstp_2)
                         -0.02   -0.02   library hold time
                                 -0.02   data required time
-----------------------------------------------------------------------------
                                 -0.02   data required time
                                 -0.41   data arrival time
-----------------------------------------------------------------------------
                                  0.43   slack (MET)



==========================================================================
floorplan final report_checks -path_delay max
--------------------------------------------------------------------------
Startpoint: rst (input port clocked by core_clk)
Endpoint: MASTER.bit_cnt[0]$_DFFE_PP0P_
          (recovery check against rising-edge clock core_clk)
Path Group: asynchronous
Path Type: max

Fanout     Cap    Slew   Delay    Time   Description
-----------------------------------------------------------------------------
                  0.00    0.00    0.00   clock core_clk (rise edge)
                          0.00    0.00   clock network delay (ideal)
                          2.00    2.00 v input external delay
     1    0.00    0.00    0.00    2.00 v rst (in)
                                         rst (net)
                  0.00    0.00    2.00 v _296_/A (sky130_fd_sc_hd__inv_1)
    55    0.20    1.61    1.14    3.14 ^ _296_/Y (sky130_fd_sc_hd__inv_1)
                                         _032_ (net)
                  1.61    0.00    3.14 ^ MASTER.bit_cnt[0]$_DFFE_PP0P_/RESET_B (sky130_fd_sc_hd__dfrtp_1)
                                  3.14   data arrival time

                  0.00   10.00   10.00   clock core_clk (rise edge)
                          0.00   10.00   clock network delay (ideal)
                          0.00   10.00   clock reconvergence pessimism
                                 10.00 ^ MASTER.bit_cnt[0]$_DFFE_PP0P_/CLK (sky130_fd_sc_hd__dfrtp_1)
                         -0.20    9.80   library recovery time
                                  9.80   data required time
-----------------------------------------------------------------------------
                                  9.80   data required time
                                 -3.14   data arrival time
-----------------------------------------------------------------------------
                                  6.66   slack (MET)


Startpoint: cpha (input port clocked by core_clk)
Endpoint: MASTER.tx_shift[10]$_DFFE_PP0P_
          (rising edge-triggered flip-flop clocked by core_clk)
Path Group: core_clk
Path Type: max

Fanout     Cap    Slew   Delay    Time   Description
-----------------------------------------------------------------------------
                  0.00    0.00    0.00   clock core_clk (rise edge)
                          0.00    0.00   clock network delay (ideal)
                          2.00    2.00 v input external delay
     1    0.01    0.00    0.00    2.00 v cpha (in)
                                         cpha (net)
                  0.00    0.00    2.00 v _257_/A (sky130_fd_sc_hd__xor2_2)
     4    0.03    0.35    0.30    2.30 ^ _257_/X (sky130_fd_sc_hd__xor2_2)
                                         _093_ (net)
                  0.35    0.00    2.30 ^ _347_/S (sky130_fd_sc_hd__mux2i_1)
     4    0.02    0.40    0.43    2.74 ^ _347_/Y (sky130_fd_sc_hd__mux2i_1)
                                         _143_ (net)
                  0.40    0.00    2.74 ^ _370_/A (sky130_fd_sc_hd__buf_4)
    10    0.05    0.14    0.27    3.01 ^ _370_/X (sky130_fd_sc_hd__buf_4)
                                         _151_ (net)
                  0.14    0.00    3.01 ^ _380_/S (sky130_fd_sc_hd__mux2i_1)
     1    0.00    0.11    0.19    3.20 ^ _380_/Y (sky130_fd_sc_hd__mux2i_1)
                                         _160_ (net)
                  0.11    0.00    3.20 ^ _386_/A (sky130_fd_sc_hd__nor3_1)
     1    0.00    0.04    0.06    3.26 v _386_/Y (sky130_fd_sc_hd__nor3_1)
                                         _067_ (net)
                  0.04    0.00    3.26 v MASTER.tx_shift[10]$_DFFE_PP0P_/D (sky130_fd_sc_hd__dfrtp_1)
                                  3.26   data arrival time

                  0.00   10.00   10.00   clock core_clk (rise edge)
                          0.00   10.00   clock network delay (ideal)
                          0.00   10.00   clock reconvergence pessimism
                                 10.00 ^ MASTER.tx_shift[10]$_DFFE_PP0P_/CLK (sky130_fd_sc_hd__dfrtp_1)
                         -0.12    9.88   library setup time
                                  9.88   data required time
-----------------------------------------------------------------------------
                                  9.88   data required time
                                 -3.26   data arrival time
-----------------------------------------------------------------------------
                                  6.62   slack (MET)



==========================================================================
floorplan final report_checks -unconstrained
--------------------------------------------------------------------------
Startpoint: rst (input port clocked by core_clk)
Endpoint: MASTER.bit_cnt[0]$_DFFE_PP0P_
          (recovery check against rising-edge clock core_clk)
Path Group: asynchronous
Path Type: max

Fanout     Cap    Slew   Delay    Time   Description
-----------------------------------------------------------------------------
                  0.00    0.00    0.00   clock core_clk (rise edge)
                          0.00    0.00   clock network delay (ideal)
                          2.00    2.00 v input external delay
     1    0.00    0.00    0.00    2.00 v rst (in)
                                         rst (net)
                  0.00    0.00    2.00 v _296_/A (sky130_fd_sc_hd__inv_1)
    55    0.20    1.61    1.14    3.14 ^ _296_/Y (sky130_fd_sc_hd__inv_1)
                                         _032_ (net)
                  1.61    0.00    3.14 ^ MASTER.bit_cnt[0]$_DFFE_PP0P_/RESET_B (sky130_fd_sc_hd__dfrtp_1)
                                  3.14   data arrival time

                  0.00   10.00   10.00   clock core_clk (rise edge)
                          0.00   10.00   clock network delay (ideal)
                          0.00   10.00   clock reconvergence pessimism
                                 10.00 ^ MASTER.bit_cnt[0]$_DFFE_PP0P_/CLK (sky130_fd_sc_hd__dfrtp_1)
                         -0.20    9.80   library recovery time
                                  9.80   data required time
-----------------------------------------------------------------------------
                                  9.80   data required time
                                 -3.14   data arrival time
-----------------------------------------------------------------------------
                                  6.66   slack (MET)


Startpoint: cpha (input port clocked by core_clk)
Endpoint: MASTER.tx_shift[10]$_DFFE_PP0P_
          (rising edge-triggered flip-flop clocked by core_clk)
Path Group: core_clk
Path Type: max

Fanout     Cap    Slew   Delay    Time   Description
-----------------------------------------------------------------------------
                  0.00    0.00    0.00   clock core_clk (rise edge)
                          0.00    0.00   clock network delay (ideal)
                          2.00    2.00 v input external delay
     1    0.01    0.00    0.00    2.00 v cpha (in)
                                         cpha (net)
                  0.00    0.00    2.00 v _257_/A (sky130_fd_sc_hd__xor2_2)
     4    0.03    0.35    0.30    2.30 ^ _257_/X (sky130_fd_sc_hd__xor2_2)
                                         _093_ (net)
                  0.35    0.00    2.30 ^ _347_/S (sky130_fd_sc_hd__mux2i_1)
     4    0.02    0.40    0.43    2.74 ^ _347_/Y (sky130_fd_sc_hd__mux2i_1)
                                         _143_ (net)
                  0.40    0.00    2.74 ^ _370_/A (sky130_fd_sc_hd__buf_4)
    10    0.05    0.14    0.27    3.01 ^ _370_/X (sky130_fd_sc_hd__buf_4)
                                         _151_ (net)
                  0.14    0.00    3.01 ^ _380_/S (sky130_fd_sc_hd__mux2i_1)
     1    0.00    0.11    0.19    3.20 ^ _380_/Y (sky130_fd_sc_hd__mux2i_1)
                                         _160_ (net)
                  0.11    0.00    3.20 ^ _386_/A (sky130_fd_sc_hd__nor3_1)
     1    0.00    0.04    0.06    3.26 v _386_/Y (sky130_fd_sc_hd__nor3_1)
                                         _067_ (net)
                  0.04    0.00    3.26 v MASTER.tx_shift[10]$_DFFE_PP0P_/D (sky130_fd_sc_hd__dfrtp_1)
                                  3.26   data arrival time

                  0.00   10.00   10.00   clock core_clk (rise edge)
                          0.00   10.00   clock network delay (ideal)
                          0.00   10.00   clock reconvergence pessimism
                                 10.00 ^ MASTER.tx_shift[10]$_DFFE_PP0P_/CLK (sky130_fd_sc_hd__dfrtp_1)
                         -0.12    9.88   library setup time
                                  9.88   data required time
-----------------------------------------------------------------------------
                                  9.88   data required time
                                 -3.26   data arrival time
-----------------------------------------------------------------------------
                                  6.62   slack (MET)



==========================================================================
floorplan final report_power
--------------------------------------------------------------------------
Group                  Internal  Switching    Leakage      Total
                          Power      Power      Power      Power (Watts)
----------------------------------------------------------------
Sequential             2.41e-04   2.40e-06   1.04e-09   2.44e-04  91.8%
Combinational          9.85e-06   1.20e-05   7.27e-10   2.18e-05   8.2%
Clock                  0.00e+00   0.00e+00   0.00e+00   0.00e+00   0.0%
Macro                  0.00e+00   0.00e+00   0.00e+00   0.00e+00   0.0%
Pad                    0.00e+00   0.00e+00   0.00e+00   0.00e+00   0.0%
----------------------------------------------------------------
Total                  2.51e-04   1.44e-05   1.77e-09   2.66e-04 100.0%
                          94.6%       5.4%       0.0%
