
==========================================================================
detailed place report_tns
--------------------------------------------------------------------------
tns max 0.00

==========================================================================
detailed place report_wns
--------------------------------------------------------------------------
wns max 0.00

==========================================================================
detailed place report_worst_slack
--------------------------------------------------------------------------
worst slack max 5.93

==========================================================================
detailed place report_clock_min_period
--------------------------------------------------------------------------
core_clk period_min = 4.07 fmax = 245.56

==========================================================================
detailed place report_checks -path_delay min
--------------------------------------------------------------------------
Startpoint: rst (input port clocked by core_clk)
Endpoint: MASTER.dout[5]$_DFFE_PP0P_
          (removal check against rising-edge clock core_clk)
Path Group: asynchronous
Path Type: min

Fanout     Cap    Slew   Delay    Time   Description
-----------------------------------------------------------------------------
                  0.00    0.00    0.00   clock core_clk (rise edge)
                          0.00    0.00   clock network delay (ideal)
                          2.00    2.00 v input external delay
     1    0.00    0.00    0.00    2.00 v rst (in)
                                         rst (net)
                  0.00    0.00    2.00 v input16/A (sky130_fd_sc_hd__clkdlybuf4s50_1)
     1    0.00    0.06    0.41    2.41 v input16/X (sky130_fd_sc_hd__clkdlybuf4s50_1)
                                         net16 (net)
                  0.06    0.00    2.41 v _296_/A (sky130_fd_sc_hd__inv_2)
     1    0.00    0.03    0.05    2.46 ^ _296_/Y (sky130_fd_sc_hd__inv_2)
                                         _032_ (net)
                  0.03    0.00    2.46 ^ place68/A (sky130_fd_sc_hd__buf_4)
    55    0.28    0.76    0.61    3.06 ^ place68/X (sky130_fd_sc_hd__buf_4)
                                         net68 (net)
                  0.76    0.00    3.06 ^ MASTER.dout[5]$_DFFE_PP0P_/RESET_B (sky130_fd_sc_hd__dfrtp_1)
                                  3.06   data arrival time

                  0.00    0.00    0.00   clock core_clk (rise edge)
                          0.00    0.00   clock network delay (ideal)
                          0.00    0.00   clock reconvergence pessimism
                                  0.00 ^ MASTER.dout[5]$_DFFE_PP0P_/CLK (sky130_fd_sc_hd__dfrtp_1)
                          0.50    0.50   library removal time
                                  0.50   data required time
-----------------------------------------------------------------------------
                                  0.50   data required time
                                 -3.06   data arrival time
-----------------------------------------------------------------------------
                                  2.56   slack (MET)


Startpoint: MASTER.done$_DFFE_PP0N_
            (rising edge-triggered flip-flop clocked by core_clk)
Endpoint: MASTER.done$_DFFE_PP0N_
          (rising edge-triggered flip-flop clocked by core_clk)
Path Group: core_clk
Path Type: min

Fanout     Cap    Slew   Delay    Time   Description
-----------------------------------------------------------------------------
                  0.00    0.00    0.00   clock core_clk (rise edge)
                          0.00    0.00   clock network delay (ideal)
                  0.00    0.00    0.00 ^ MASTER.done$_DFFE_PP0N_/CLK (sky130_fd_sc_hd__dfrtp_1)
     2    0.01    0.07    0.32    0.32 ^ MASTER.done$_DFFE_PP0N_/Q (sky130_fd_sc_hd__dfrtp_1)
                                         net29 (net)
                  0.07    0.00    0.32 ^ _457_/A2 (sky130_fd_sc_hd__a21o_1)
     1    0.00    0.04    0.11    0.43 ^ _457_/X (sky130_fd_sc_hd__a21o_1)
                                         _038_ (net)
                  0.04    0.00    0.43 ^ MASTER.done$_DFFE_PP0N_/D (sky130_fd_sc_hd__dfrtp_1)
                                  0.43   data arrival time

                  0.00    0.00    0.00   clock core_clk (rise edge)
                          0.00    0.00   clock network delay (ideal)
                          0.00    0.00   clock reconvergence pessimism
                                  0.00 ^ MASTER.done$_DFFE_PP0N_/CLK (sky130_fd_sc_hd__dfrtp_1)
                         -0.04   -0.04   library hold time
                                 -0.04   data required time
-----------------------------------------------------------------------------
                                 -0.04   data required time
                                 -0.43   data arrival time
-----------------------------------------------------------------------------
                                  0.47   slack (MET)



==========================================================================
detailed place report_checks -path_delay max
--------------------------------------------------------------------------
Startpoint: rst (input port clocked by core_clk)
Endpoint: MASTER.tx_shift[7]$_DFFE_PP0P_
          (recovery check against rising-edge clock core_clk)
Path Group: asynchronous
Path Type: max

Fanout     Cap    Slew   Delay    Time   Description
-----------------------------------------------------------------------------
                  0.00    0.00    0.00   clock core_clk (rise edge)
                          0.00    0.00   clock network delay (ideal)
                          2.00    2.00 v input external delay
     1    0.00    0.00    0.00    2.00 v rst (in)
                                         rst (net)
                  0.00    0.00    2.00 v input16/A (sky130_fd_sc_hd__clkdlybuf4s50_1)
     1    0.00    0.06    0.41    2.41 v input16/X (sky130_fd_sc_hd__clkdlybuf4s50_1)
                                         net16 (net)
                  0.06    0.00    2.41 v _296_/A (sky130_fd_sc_hd__inv_2)
     1    0.00    0.03    0.05    2.46 ^ _296_/Y (sky130_fd_sc_hd__inv_2)
                                         _032_ (net)
                  0.03    0.00    2.46 ^ place68/A (sky130_fd_sc_hd__buf_4)
    55    0.28    0.76    0.61    3.06 ^ place68/X (sky130_fd_sc_hd__buf_4)
                                         net68 (net)
                  0.76    0.01    3.07 ^ MASTER.tx_shift[7]$_DFFE_PP0P_/RESET_B (sky130_fd_sc_hd__dfrtp_1)
                                  3.07   data arrival time

                  0.00   10.00   10.00   clock core_clk (rise edge)
                          0.00   10.00   clock network delay (ideal)
                          0.00   10.00   clock reconvergence pessimism
                                 10.00 ^ MASTER.tx_shift[7]$_DFFE_PP0P_/CLK (sky130_fd_sc_hd__dfrtp_1)
                          0.03   10.03   library recovery time
                                 10.03   data required time
-----------------------------------------------------------------------------
                                 10.03   data required time
                                 -3.07   data arrival time
-----------------------------------------------------------------------------
                                  6.95   slack (MET)


Startpoint: cpol (input port clocked by core_clk)
Endpoint: MASTER.rx_shift[1]$_DFFE_PP0P_
          (rising edge-triggered flip-flop clocked by core_clk)
Path Group: core_clk
Path Type: max

Fanout     Cap    Slew   Delay    Time   Description
-----------------------------------------------------------------------------
                  0.00    0.00    0.00   clock core_clk (rise edge)
                          0.00    0.00   clock network delay (ideal)
                          2.00    2.00 ^ input external delay
     1    0.00    0.00    0.00    2.00 ^ cpol (in)
                                         cpol (net)
                  0.00    0.00    2.00 ^ input2/A (sky130_fd_sc_hd__clkdlybuf4s50_1)
     2    0.01    0.13    0.52    2.52 ^ input2/X (sky130_fd_sc_hd__clkdlybuf4s50_1)
                                         net2 (net)
                  0.13    0.00    2.52 ^ _257_/B (sky130_fd_sc_hd__xor2_2)
     4    0.03    0.42    0.38    2.89 ^ _257_/X (sky130_fd_sc_hd__xor2_2)
                                         _093_ (net)
                  0.42    0.00    2.90 ^ _306_/S (sky130_fd_sc_hd__mux2i_4)
     5    0.04    0.14    0.19    3.08 v _306_/Y (sky130_fd_sc_hd__mux2i_4)
                                         _119_ (net)
                  0.14    0.00    3.08 v _351_/C (sky130_fd_sc_hd__nor3_4)
    12    0.05    0.55    0.46    3.55 ^ _351_/Y (sky130_fd_sc_hd__nor3_4)
                                         _146_ (net)
                  0.55    0.00    3.55 ^ _356_/S (sky130_fd_sc_hd__mux2_2)
     1    0.00    0.05    0.40    3.95 v _356_/X (sky130_fd_sc_hd__mux2_2)
                                         _055_ (net)
                  0.05    0.00    3.95 v MASTER.rx_shift[1]$_DFFE_PP0P_/D (sky130_fd_sc_hd__dfrtp_1)
                                  3.95   data arrival time

                  0.00   10.00   10.00   clock core_clk (rise edge)
                          0.00   10.00   clock network delay (ideal)
                          0.00   10.00   clock reconvergence pessimism
                                 10.00 ^ MASTER.rx_shift[1]$_DFFE_PP0P_/CLK (sky130_fd_sc_hd__dfrtp_1)
                         -0.13    9.87   library setup time
                                  9.87   data required time
-----------------------------------------------------------------------------
                                  9.87   data required time
                                 -3.95   data arrival time
-----------------------------------------------------------------------------
                                  5.93   slack (MET)



==========================================================================
detailed place report_checks -unconstrained
--------------------------------------------------------------------------
Startpoint: rst (input port clocked by core_clk)
Endpoint: MASTER.tx_shift[7]$_DFFE_PP0P_
          (recovery check against rising-edge clock core_clk)
Path Group: asynchronous
Path Type: max

Fanout     Cap    Slew   Delay    Time   Description
-----------------------------------------------------------------------------
                  0.00    0.00    0.00   clock core_clk (rise edge)
                          0.00    0.00   clock network delay (ideal)
                          2.00    2.00 v input external delay
     1    0.00    0.00    0.00    2.00 v rst (in)
                                         rst (net)
                  0.00    0.00    2.00 v input16/A (sky130_fd_sc_hd__clkdlybuf4s50_1)
     1    0.00    0.06    0.41    2.41 v input16/X (sky130_fd_sc_hd__clkdlybuf4s50_1)
                                         net16 (net)
                  0.06    0.00    2.41 v _296_/A (sky130_fd_sc_hd__inv_2)
     1    0.00    0.03    0.05    2.46 ^ _296_/Y (sky130_fd_sc_hd__inv_2)
                                         _032_ (net)
                  0.03    0.00    2.46 ^ place68/A (sky130_fd_sc_hd__buf_4)
    55    0.28    0.76    0.61    3.06 ^ place68/X (sky130_fd_sc_hd__buf_4)
                                         net68 (net)
                  0.76    0.01    3.07 ^ MASTER.tx_shift[7]$_DFFE_PP0P_/RESET_B (sky130_fd_sc_hd__dfrtp_1)
                                  3.07   data arrival time

                  0.00   10.00   10.00   clock core_clk (rise edge)
                          0.00   10.00   clock network delay (ideal)
                          0.00   10.00   clock reconvergence pessimism
                                 10.00 ^ MASTER.tx_shift[7]$_DFFE_PP0P_/CLK (sky130_fd_sc_hd__dfrtp_1)
                          0.03   10.03   library recovery time
                                 10.03   data required time
-----------------------------------------------------------------------------
                                 10.03   data required time
                                 -3.07   data arrival time
-----------------------------------------------------------------------------
                                  6.95   slack (MET)


Startpoint: cpol (input port clocked by core_clk)
Endpoint: MASTER.rx_shift[1]$_DFFE_PP0P_
          (rising edge-triggered flip-flop clocked by core_clk)
Path Group: core_clk
Path Type: max

Fanout     Cap    Slew   Delay    Time   Description
-----------------------------------------------------------------------------
                  0.00    0.00    0.00   clock core_clk (rise edge)
                          0.00    0.00   clock network delay (ideal)
                          2.00    2.00 ^ input external delay
     1    0.00    0.00    0.00    2.00 ^ cpol (in)
                                         cpol (net)
                  0.00    0.00    2.00 ^ input2/A (sky130_fd_sc_hd__clkdlybuf4s50_1)
     2    0.01    0.13    0.52    2.52 ^ input2/X (sky130_fd_sc_hd__clkdlybuf4s50_1)
                                         net2 (net)
                  0.13    0.00    2.52 ^ _257_/B (sky130_fd_sc_hd__xor2_2)
     4    0.03    0.42    0.38    2.89 ^ _257_/X (sky130_fd_sc_hd__xor2_2)
                                         _093_ (net)
                  0.42    0.00    2.90 ^ _306_/S (sky130_fd_sc_hd__mux2i_4)
     5    0.04    0.14    0.19    3.08 v _306_/Y (sky130_fd_sc_hd__mux2i_4)
                                         _119_ (net)
                  0.14    0.00    3.08 v _351_/C (sky130_fd_sc_hd__nor3_4)
    12    0.05    0.55    0.46    3.55 ^ _351_/Y (sky130_fd_sc_hd__nor3_4)
                                         _146_ (net)
                  0.55    0.00    3.55 ^ _356_/S (sky130_fd_sc_hd__mux2_2)
     1    0.00    0.05    0.40    3.95 v _356_/X (sky130_fd_sc_hd__mux2_2)
                                         _055_ (net)
                  0.05    0.00    3.95 v MASTER.rx_shift[1]$_DFFE_PP0P_/D (sky130_fd_sc_hd__dfrtp_1)
                                  3.95   data arrival time

                  0.00   10.00   10.00   clock core_clk (rise edge)
                          0.00   10.00   clock network delay (ideal)
                          0.00   10.00   clock reconvergence pessimism
                                 10.00 ^ MASTER.rx_shift[1]$_DFFE_PP0P_/CLK (sky130_fd_sc_hd__dfrtp_1)
                         -0.13    9.87   library setup time
                                  9.87   data required time
-----------------------------------------------------------------------------
                                  9.87   data required time
                                 -3.95   data arrival time
-----------------------------------------------------------------------------
                                  5.93   slack (MET)



==========================================================================
detailed place report_check_types -max_slew -max_cap -max_fanout -violators
--------------------------------------------------------------------------

==========================================================================
detailed place max_slew_check_slack
--------------------------------------------------------------------------
0.7370787262916565

==========================================================================
detailed place max_slew_check_limit
--------------------------------------------------------------------------
1.5

==========================================================================
detailed place max_slew_check_slack_limit
--------------------------------------------------------------------------
0.4914

==========================================================================
detailed place max_fanout_check_slack
--------------------------------------------------------------------------
1.0000000150474662e+30

==========================================================================
detailed place max_fanout_check_limit
--------------------------------------------------------------------------
1.0000000150474662e+30

==========================================================================
detailed place max_capacitance_check_slack
--------------------------------------------------------------------------
0.04289914667606354

==========================================================================
detailed place max_capacitance_check_limit
--------------------------------------------------------------------------
0.04944799840450287

==========================================================================
detailed place max_capacitance_check_slack_limit
--------------------------------------------------------------------------
0.8676

==========================================================================
detailed place max_slew_violation_count
--------------------------------------------------------------------------
max slew violation count 0

==========================================================================
detailed place max_fanout_violation_count
--------------------------------------------------------------------------
max fanout violation count 0

==========================================================================
detailed place max_cap_violation_count
--------------------------------------------------------------------------
max cap violation count 0

==========================================================================
detailed place setup_violation_count
--------------------------------------------------------------------------
setup violation count 0

==========================================================================
detailed place hold_violation_count
--------------------------------------------------------------------------
hold violation count 0

==========================================================================
detailed place report_checks -path_delay max reg to reg
--------------------------------------------------------------------------
Startpoint: MASTER.clk_div[1]$_DFF_PP0_
            (rising edge-triggered flip-flop clocked by core_clk)
Endpoint: MASTER.rx_shift[1]$_DFFE_PP0P_
          (rising edge-triggered flip-flop clocked by core_clk)
Path Group: core_clk
Path Type: max

  Delay    Time   Description
---------------------------------------------------------
   0.00    0.00   clock core_clk (rise edge)
   0.00    0.00   clock network delay (ideal)
   0.00    0.00 ^ MASTER.clk_div[1]$_DFF_PP0_/CLK (sky130_fd_sc_hd__dfrtp_1)
   0.37    0.37 v MASTER.clk_div[1]$_DFF_PP0_/Q (sky130_fd_sc_hd__dfrtp_1)
   0.06    0.43 ^ _297_/Y (sky130_fd_sc_hd__inv_1)
   0.15    0.59 ^ _483_/COUT (sky130_fd_sc_hd__ha_1)
   0.57    1.16 v _301_/X (sky130_fd_sc_hd__or4bb_4)
   0.50    1.66 ^ _351_/Y (sky130_fd_sc_hd__nor3_4)
   0.40    2.06 v _356_/X (sky130_fd_sc_hd__mux2_2)
   0.00    2.06 v MASTER.rx_shift[1]$_DFFE_PP0P_/D (sky130_fd_sc_hd__dfrtp_1)
           2.06   data arrival time

  10.00   10.00   clock core_clk (rise edge)
   0.00   10.00   clock network delay (ideal)
   0.00   10.00   clock reconvergence pessimism
          10.00 ^ MASTER.rx_shift[1]$_DFFE_PP0P_/CLK (sky130_fd_sc_hd__dfrtp_1)
  -0.13    9.87   library setup time
           9.87   data required time
---------------------------------------------------------
           9.87   data required time
          -2.06   data arrival time
---------------------------------------------------------
           7.81   slack (MET)



==========================================================================
detailed place report_checks -path_delay min reg to reg
--------------------------------------------------------------------------
Startpoint: MASTER.done$_DFFE_PP0N_
            (rising edge-triggered flip-flop clocked by core_clk)
Endpoint: MASTER.done$_DFFE_PP0N_
          (rising edge-triggered flip-flop clocked by core_clk)
Path Group: core_clk
Path Type: min

  Delay    Time   Description
---------------------------------------------------------
   0.00    0.00   clock core_clk (rise edge)
   0.00    0.00   clock network delay (ideal)
   0.00    0.00 ^ MASTER.done$_DFFE_PP0N_/CLK (sky130_fd_sc_hd__dfrtp_1)
   0.32    0.32 ^ MASTER.done$_DFFE_PP0N_/Q (sky130_fd_sc_hd__dfrtp_1)
   0.11    0.43 ^ _457_/X (sky130_fd_sc_hd__a21o_1)
   0.00    0.43 ^ MASTER.done$_DFFE_PP0N_/D (sky130_fd_sc_hd__dfrtp_1)
           0.43   data arrival time

   0.00    0.00   clock core_clk (rise edge)
   0.00    0.00   clock network delay (ideal)
   0.00    0.00   clock reconvergence pessimism
           0.00 ^ MASTER.done$_DFFE_PP0N_/CLK (sky130_fd_sc_hd__dfrtp_1)
  -0.04   -0.04   library hold time
          -0.04   data required time
---------------------------------------------------------
          -0.04   data required time
          -0.43   data arrival time
---------------------------------------------------------
           0.47   slack (MET)



==========================================================================
detailed place critical path target clock latency max path
--------------------------------------------------------------------------
0.0000

==========================================================================
detailed place critical path target clock latency min path
--------------------------------------------------------------------------
0.0000

==========================================================================
detailed place critical path source clock latency min path
--------------------------------------------------------------------------
0.0000

==========================================================================
detailed place critical path delay
--------------------------------------------------------------------------
3.9457

==========================================================================
detailed place critical path slack
--------------------------------------------------------------------------
5.9276

==========================================================================
detailed place slack div critical path delay
--------------------------------------------------------------------------
150.229364

==========================================================================
detailed place report_power
--------------------------------------------------------------------------
Group                  Internal  Switching    Leakage      Total
                          Power      Power      Power      Power (Watts)
----------------------------------------------------------------
Sequential             2.41e-04   1.29e-06   1.04e-09   2.43e-04  85.1%
Combinational          2.00e-05   2.24e-05   9.40e-10   4.24e-05  14.9%
Clock                  0.00e+00   0.00e+00   0.00e+00   0.00e+00   0.0%
Macro                  0.00e+00   0.00e+00   0.00e+00   0.00e+00   0.0%
Pad                    0.00e+00   0.00e+00   0.00e+00   0.00e+00   0.0%
----------------------------------------------------------------
Total                  2.61e-04   2.36e-05   1.98e-09   2.85e-04 100.0%
                          91.7%       8.3%       0.0%
