
==========================================================================
global route report_tns
--------------------------------------------------------------------------
tns max 0.00

==========================================================================
global route report_wns
--------------------------------------------------------------------------
wns max 0.00

==========================================================================
global route report_worst_slack
--------------------------------------------------------------------------
worst slack max 6.15

==========================================================================
global route report_clock_min_period
--------------------------------------------------------------------------
core_clk period_min = 3.85 fmax = 259.88

==========================================================================
global route report_clock_skew
--------------------------------------------------------------------------
Clock core_clk
   0.32 source latency MASTER.clk_div[4]$_DFF_PP0_/CLK ^
  -0.33 target latency MASTER.rx_shift[5]$_DFFE_PP0P_/CLK ^
   0.00 CRPR
--------------
  -0.01 setup skew


==========================================================================
global route report_checks -path_delay min
--------------------------------------------------------------------------
Startpoint: rst (input port clocked by core_clk)
Endpoint: MASTER.dout[4]$_DFFE_PP0P_
          (removal check against rising-edge clock core_clk)
Path Group: asynchronous
Path Type: min

Fanout     Cap    Slew   Delay    Time   Description
-----------------------------------------------------------------------------
                          0.00    0.00   clock core_clk (rise edge)
                          0.00    0.00   clock network delay (propagated)
                          2.00    2.00 v input external delay
     1    0.01    0.00    0.00    2.00 v rst (in)
                                         rst (net)
                  0.00    0.00    2.00 v input16/A (sky130_fd_sc_hd__clkdlybuf4s50_1)
     1    0.01    0.07    0.42    2.42 v input16/X (sky130_fd_sc_hd__clkdlybuf4s50_1)
                                         net16 (net)
                  0.07    0.00    2.42 v _296_/A (sky130_fd_sc_hd__inv_2)
     1    0.00    0.03    0.05    2.47 ^ _296_/Y (sky130_fd_sc_hd__inv_2)
                                         _032_ (net)
                  0.03    0.00    2.47 ^ place68/A (sky130_fd_sc_hd__buf_4)
    55    0.32    0.86    0.66    3.13 ^ place68/X (sky130_fd_sc_hd__buf_4)
                                         net68 (net)
                  0.86    0.01    3.14 ^ MASTER.dout[4]$_DFFE_PP0P_/RESET_B (sky130_fd_sc_hd__dfrtp_1)
                                  3.14   data arrival time

                          0.00    0.00   clock core_clk (rise edge)
                          0.00    0.00   clock source latency
     1    0.02    0.00    0.00    0.00 ^ clk (in)
                                         clk (net)
                  0.00    0.00    0.00 ^ clkbuf_0_clk/A (sky130_fd_sc_hd__clkbuf_8)
     4    0.03    0.07    0.13    0.13 ^ clkbuf_0_clk/X (sky130_fd_sc_hd__clkbuf_8)
                                         clknet_0_clk (net)
                  0.07    0.00    0.13 ^ clkbuf_2_0__f_clk/A (sky130_fd_sc_hd__clkbuf_8)
    18    0.07    0.13    0.20    0.33 ^ clkbuf_2_0__f_clk/X (sky130_fd_sc_hd__clkbuf_8)
                                         clknet_2_0__leaf_clk (net)
                  0.13    0.00    0.33 ^ MASTER.dout[4]$_DFFE_PP0P_/CLK (sky130_fd_sc_hd__dfrtp_1)
                          0.00    0.33   clock reconvergence pessimism
                          0.56    0.90   library removal time
                                  0.90   data required time
-----------------------------------------------------------------------------
                                  0.90   data required time
                                 -3.14   data arrival time
-----------------------------------------------------------------------------
                                  2.24   slack (MET)


Startpoint: MASTER.clk_div[0]$_DFF_PP0_
            (rising edge-triggered flip-flop clocked by core_clk)
Endpoint: MASTER.clk_div[0]$_DFF_PP0_
          (rising edge-triggered flip-flop clocked by core_clk)
Path Group: core_clk
Path Type: min

Fanout     Cap    Slew   Delay    Time   Description
-----------------------------------------------------------------------------
                          0.00    0.00   clock core_clk (rise edge)
                          0.00    0.00   clock source latency
     1    0.02    0.00    0.00    0.00 ^ clk (in)
                                         clk (net)
                  0.00    0.00    0.00 ^ clkbuf_0_clk/A (sky130_fd_sc_hd__clkbuf_8)
     4    0.03    0.07    0.13    0.13 ^ clkbuf_0_clk/X (sky130_fd_sc_hd__clkbuf_8)
                                         clknet_0_clk (net)
                  0.07    0.00    0.13 ^ clkbuf_2_2__f_clk/A (sky130_fd_sc_hd__clkbuf_8)
    12    0.06    0.11    0.19    0.32 ^ clkbuf_2_2__f_clk/X (sky130_fd_sc_hd__clkbuf_8)
                                         clknet_2_2__leaf_clk (net)
                  0.11    0.00    0.32 ^ MASTER.clk_div[0]$_DFF_PP0_/CLK (sky130_fd_sc_hd__dfrtp_1)
     4    0.02    0.15    0.43    0.75 ^ MASTER.clk_div[0]$_DFF_PP0_/Q (sky130_fd_sc_hd__dfrtp_1)
                                         MASTER.clk_div[0] (net)
                  0.15    0.00    0.75 ^ _287_/A (sky130_fd_sc_hd__nor2_1)
     1    0.00    0.04    0.07    0.82 v _287_/Y (sky130_fd_sc_hd__nor2_1)
                                         _007_ (net)
                  0.04    0.00    0.82 v MASTER.clk_div[0]$_DFF_PP0_/D (sky130_fd_sc_hd__dfrtp_1)
                                  0.82   data arrival time

                          0.00    0.00   clock core_clk (rise edge)
                          0.00    0.00   clock source latency
     1    0.02    0.00    0.00    0.00 ^ clk (in)
                                         clk (net)
                  0.00    0.00    0.00 ^ clkbuf_0_clk/A (sky130_fd_sc_hd__clkbuf_8)
     4    0.03    0.07    0.13    0.13 ^ clkbuf_0_clk/X (sky130_fd_sc_hd__clkbuf_8)
                                         clknet_0_clk (net)
                  0.07    0.00    0.13 ^ clkbuf_2_2__f_clk/A (sky130_fd_sc_hd__clkbuf_8)
    12    0.06    0.11    0.19    0.32 ^ clkbuf_2_2__f_clk/X (sky130_fd_sc_hd__clkbuf_8)
                                         clknet_2_2__leaf_clk (net)
                  0.11    0.00    0.32 ^ MASTER.clk_div[0]$_DFF_PP0_/CLK (sky130_fd_sc_hd__dfrtp_1)
                          0.00    0.32   clock reconvergence pessimism
                         -0.03    0.29   library hold time
                                  0.29   data required time
-----------------------------------------------------------------------------
                                  0.29   data required time
                                 -0.82   data arrival time
-----------------------------------------------------------------------------
                                  0.52   slack (MET)



==========================================================================
global route report_checks -path_delay max
--------------------------------------------------------------------------
Startpoint: rst (input port clocked by core_clk)
Endpoint: MASTER.tx_shift[5]$_DFFE_PP0P_
          (recovery check against rising-edge clock core_clk)
Path Group: asynchronous
Path Type: max

Fanout     Cap    Slew   Delay    Time   Description
-----------------------------------------------------------------------------
                          0.00    0.00   clock core_clk (rise edge)
                          0.00    0.00   clock network delay (propagated)
                          2.00    2.00 v input external delay
     1    0.01    0.00    0.00    2.00 v rst (in)
                                         rst (net)
                  0.00    0.00    2.00 v input16/A (sky130_fd_sc_hd__clkdlybuf4s50_1)
     1    0.01    0.07    0.42    2.42 v input16/X (sky130_fd_sc_hd__clkdlybuf4s50_1)
                                         net16 (net)
                  0.07    0.00    2.42 v _296_/A (sky130_fd_sc_hd__inv_2)
     1    0.00    0.03    0.05    2.47 ^ _296_/Y (sky130_fd_sc_hd__inv_2)
                                         _032_ (net)
                  0.03    0.00    2.47 ^ place68/A (sky130_fd_sc_hd__buf_4)
    55    0.32    0.86    0.66    3.13 ^ place68/X (sky130_fd_sc_hd__buf_4)
                                         net68 (net)
                  0.86    0.04    3.17 ^ MASTER.tx_shift[5]$_DFFE_PP0P_/RESET_B (sky130_fd_sc_hd__dfrtp_1)
                                  3.17   data arrival time

                         10.00   10.00   clock core_clk (rise edge)
                          0.00   10.00   clock source latency
     1    0.02    0.00    0.00   10.00 ^ clk (in)
                                         clk (net)
                  0.00    0.00   10.00 ^ clkbuf_0_clk/A (sky130_fd_sc_hd__clkbuf_8)
     4    0.03    0.07    0.13   10.13 ^ clkbuf_0_clk/X (sky130_fd_sc_hd__clkbuf_8)
                                         clknet_0_clk (net)
                  0.07    0.00   10.13 ^ clkbuf_2_3__f_clk/A (sky130_fd_sc_hd__clkbuf_8)
    13    0.06    0.11    0.19   10.32 ^ clkbuf_2_3__f_clk/X (sky130_fd_sc_hd__clkbuf_8)
                                         clknet_2_3__leaf_clk (net)
                  0.11    0.00   10.32 ^ MASTER.tx_shift[5]$_DFFE_PP0P_/CLK (sky130_fd_sc_hd__dfrtp_1)
                          0.00   10.32   clock reconvergence pessimism
                          0.04   10.36   library recovery time
                                 10.36   data required time
-----------------------------------------------------------------------------
                                 10.36   data required time
                                 -3.17   data arrival time
-----------------------------------------------------------------------------
                                  7.19   slack (MET)


Startpoint: cpol (input port clocked by core_clk)
Endpoint: MASTER.rx_shift[11]$_DFFE_PP0P_
          (rising edge-triggered flip-flop clocked by core_clk)
Path Group: core_clk
Path Type: max

Fanout     Cap    Slew   Delay    Time   Description
-----------------------------------------------------------------------------
                          0.00    0.00   clock core_clk (rise edge)
                          0.00    0.00   clock network delay (propagated)
                          2.00    2.00 ^ input external delay
     1    0.01    0.00    0.00    2.00 ^ cpol (in)
                                         cpol (net)
                  0.00    0.00    2.00 ^ input2/A (sky130_fd_sc_hd__clkdlybuf4s50_1)
     2    0.01    0.15    0.53    2.53 ^ input2/X (sky130_fd_sc_hd__clkdlybuf4s50_1)
                                         net2 (net)
                  0.15    0.00    2.53 ^ _257_/B (sky130_fd_sc_hd__xor2_2)
     4    0.04    0.46    0.41    2.94 ^ _257_/X (sky130_fd_sc_hd__xor2_2)
                                         _093_ (net)
                  0.46    0.00    2.94 ^ _306_/S (sky130_fd_sc_hd__mux2i_4)
     5    0.04    0.16    0.20    3.14 v _306_/Y (sky130_fd_sc_hd__mux2i_4)
                                         _119_ (net)
                  0.16    0.00    3.14 v _351_/C (sky130_fd_sc_hd__nor3_4)
    12    0.06    0.60    0.51    3.66 ^ _351_/Y (sky130_fd_sc_hd__nor3_4)
                                         _146_ (net)
                  0.60    0.00    3.66 ^ _355_/S (sky130_fd_sc_hd__mux2_2)
     1    0.01    0.06    0.41    4.07 v _355_/X (sky130_fd_sc_hd__mux2_2)
                                         _054_ (net)
                  0.06    0.00    4.07 v MASTER.rx_shift[11]$_DFFE_PP0P_/D (sky130_fd_sc_hd__dfrtp_1)
                                  4.07   data arrival time

                         10.00   10.00   clock core_clk (rise edge)
                          0.00   10.00   clock source latency
     1    0.02    0.00    0.00   10.00 ^ clk (in)
                                         clk (net)
                  0.00    0.00   10.00 ^ clkbuf_0_clk/A (sky130_fd_sc_hd__clkbuf_8)
     4    0.03    0.07    0.13   10.13 ^ clkbuf_0_clk/X (sky130_fd_sc_hd__clkbuf_8)
                                         clknet_0_clk (net)
                  0.07    0.00   10.13 ^ clkbuf_2_1__f_clk/A (sky130_fd_sc_hd__clkbuf_8)
    15    0.06    0.12    0.19   10.32 ^ clkbuf_2_1__f_clk/X (sky130_fd_sc_hd__clkbuf_8)
                                         clknet_2_1__leaf_clk (net)
                  0.12    0.00   10.33 ^ MASTER.rx_shift[11]$_DFFE_PP0P_/CLK (sky130_fd_sc_hd__dfrtp_1)
                          0.00   10.33   clock reconvergence pessimism
                         -0.10   10.22   library setup time
                                 10.22   data required time
-----------------------------------------------------------------------------
                                 10.22   data required time
                                 -4.07   data arrival time
-----------------------------------------------------------------------------
                                  6.15   slack (MET)



==========================================================================
global route report_checks -unconstrained
--------------------------------------------------------------------------
Startpoint: rst (input port clocked by core_clk)
Endpoint: MASTER.tx_shift[5]$_DFFE_PP0P_
          (recovery check against rising-edge clock core_clk)
Path Group: asynchronous
Path Type: max

Fanout     Cap    Slew   Delay    Time   Description
-----------------------------------------------------------------------------
                          0.00    0.00   clock core_clk (rise edge)
                          0.00    0.00   clock network delay (propagated)
                          2.00    2.00 v input external delay
     1    0.01    0.00    0.00    2.00 v rst (in)
                                         rst (net)
                  0.00    0.00    2.00 v input16/A (sky130_fd_sc_hd__clkdlybuf4s50_1)
     1    0.01    0.07    0.42    2.42 v input16/X (sky130_fd_sc_hd__clkdlybuf4s50_1)
                                         net16 (net)
                  0.07    0.00    2.42 v _296_/A (sky130_fd_sc_hd__inv_2)
     1    0.00    0.03    0.05    2.47 ^ _296_/Y (sky130_fd_sc_hd__inv_2)
                                         _032_ (net)
                  0.03    0.00    2.47 ^ place68/A (sky130_fd_sc_hd__buf_4)
    55    0.32    0.86    0.66    3.13 ^ place68/X (sky130_fd_sc_hd__buf_4)
                                         net68 (net)
                  0.86    0.04    3.17 ^ MASTER.tx_shift[5]$_DFFE_PP0P_/RESET_B (sky130_fd_sc_hd__dfrtp_1)
                                  3.17   data arrival time

                         10.00   10.00   clock core_clk (rise edge)
                          0.00   10.00   clock source latency
     1    0.02    0.00    0.00   10.00 ^ clk (in)
                                         clk (net)
                  0.00    0.00   10.00 ^ clkbuf_0_clk/A (sky130_fd_sc_hd__clkbuf_8)
     4    0.03    0.07    0.13   10.13 ^ clkbuf_0_clk/X (sky130_fd_sc_hd__clkbuf_8)
                                         clknet_0_clk (net)
                  0.07    0.00   10.13 ^ clkbuf_2_3__f_clk/A (sky130_fd_sc_hd__clkbuf_8)
    13    0.06    0.11    0.19   10.32 ^ clkbuf_2_3__f_clk/X (sky130_fd_sc_hd__clkbuf_8)
                                         clknet_2_3__leaf_clk (net)
                  0.11    0.00   10.32 ^ MASTER.tx_shift[5]$_DFFE_PP0P_/CLK (sky130_fd_sc_hd__dfrtp_1)
                          0.00   10.32   clock reconvergence pessimism
                          0.04   10.36   library recovery time
                                 10.36   data required time
-----------------------------------------------------------------------------
                                 10.36   data required time
                                 -3.17   data arrival time
-----------------------------------------------------------------------------
                                  7.19   slack (MET)


Startpoint: cpol (input port clocked by core_clk)
Endpoint: MASTER.rx_shift[11]$_DFFE_PP0P_
          (rising edge-triggered flip-flop clocked by core_clk)
Path Group: core_clk
Path Type: max

Fanout     Cap    Slew   Delay    Time   Description
-----------------------------------------------------------------------------
                          0.00    0.00   clock core_clk (rise edge)
                          0.00    0.00   clock network delay (propagated)
                          2.00    2.00 ^ input external delay
     1    0.01    0.00    0.00    2.00 ^ cpol (in)
                                         cpol (net)
                  0.00    0.00    2.00 ^ input2/A (sky130_fd_sc_hd__clkdlybuf4s50_1)
     2    0.01    0.15    0.53    2.53 ^ input2/X (sky130_fd_sc_hd__clkdlybuf4s50_1)
                                         net2 (net)
                  0.15    0.00    2.53 ^ _257_/B (sky130_fd_sc_hd__xor2_2)
     4    0.04    0.46    0.41    2.94 ^ _257_/X (sky130_fd_sc_hd__xor2_2)
                                         _093_ (net)
                  0.46    0.00    2.94 ^ _306_/S (sky130_fd_sc_hd__mux2i_4)
     5    0.04    0.16    0.20    3.14 v _306_/Y (sky130_fd_sc_hd__mux2i_4)
                                         _119_ (net)
                  0.16    0.00    3.14 v _351_/C (sky130_fd_sc_hd__nor3_4)
    12    0.06    0.60    0.51    3.66 ^ _351_/Y (sky130_fd_sc_hd__nor3_4)
                                         _146_ (net)
                  0.60    0.00    3.66 ^ _355_/S (sky130_fd_sc_hd__mux2_2)
     1    0.01    0.06    0.41    4.07 v _355_/X (sky130_fd_sc_hd__mux2_2)
                                         _054_ (net)
                  0.06    0.00    4.07 v MASTER.rx_shift[11]$_DFFE_PP0P_/D (sky130_fd_sc_hd__dfrtp_1)
                                  4.07   data arrival time

                         10.00   10.00   clock core_clk (rise edge)
                          0.00   10.00   clock source latency
     1    0.02    0.00    0.00   10.00 ^ clk (in)
                                         clk (net)
                  0.00    0.00   10.00 ^ clkbuf_0_clk/A (sky130_fd_sc_hd__clkbuf_8)
     4    0.03    0.07    0.13   10.13 ^ clkbuf_0_clk/X (sky130_fd_sc_hd__clkbuf_8)
                                         clknet_0_clk (net)
                  0.07    0.00   10.13 ^ clkbuf_2_1__f_clk/A (sky130_fd_sc_hd__clkbuf_8)
    15    0.06    0.12    0.19   10.32 ^ clkbuf_2_1__f_clk/X (sky130_fd_sc_hd__clkbuf_8)
                                         clknet_2_1__leaf_clk (net)
                  0.12    0.00   10.33 ^ MASTER.rx_shift[11]$_DFFE_PP0P_/CLK (sky130_fd_sc_hd__dfrtp_1)
                          0.00   10.33   clock reconvergence pessimism
                         -0.10   10.22   library setup time
                                 10.22   data required time
-----------------------------------------------------------------------------
                                 10.22   data required time
                                 -4.07   data arrival time
-----------------------------------------------------------------------------
                                  6.15   slack (MET)



==========================================================================
global route report_check_types -max_slew -max_cap -max_fanout -violators
--------------------------------------------------------------------------

==========================================================================
global route max_slew_check_slack
--------------------------------------------------------------------------
0.6351714730262756

==========================================================================
global route max_slew_check_limit
--------------------------------------------------------------------------
1.5

==========================================================================
global route max_slew_check_slack_limit
--------------------------------------------------------------------------
0.4234

==========================================================================
global route max_fanout_check_slack
--------------------------------------------------------------------------
1.0000000150474662e+30

==========================================================================
global route max_fanout_check_limit
--------------------------------------------------------------------------
1.0000000150474662e+30

==========================================================================
global route max_capacitance_check_slack
--------------------------------------------------------------------------
0.04229341819882393

==========================================================================
global route max_capacitance_check_limit
--------------------------------------------------------------------------
0.04944799840450287

==========================================================================
global route max_capacitance_check_slack_limit
--------------------------------------------------------------------------
0.8553

==========================================================================
global route max_slew_violation_count
--------------------------------------------------------------------------
max slew violation count 0

==========================================================================
global route max_fanout_violation_count
--------------------------------------------------------------------------
max fanout violation count 0

==========================================================================
global route max_cap_violation_count
--------------------------------------------------------------------------
max cap violation count 0

==========================================================================
global route setup_violation_count
--------------------------------------------------------------------------
setup violation count 0

==========================================================================
global route hold_violation_count
--------------------------------------------------------------------------
hold violation count 0

==========================================================================
global route report_checks -path_delay max reg to reg
--------------------------------------------------------------------------
Startpoint: MASTER.clk_div[1]$_DFF_PP0_
            (rising edge-triggered flip-flop clocked by core_clk)
Endpoint: MASTER.rx_shift[11]$_DFFE_PP0P_
          (rising edge-triggered flip-flop clocked by core_clk)
Path Group: core_clk
Path Type: max

  Delay    Time   Description
---------------------------------------------------------
   0.00    0.00   clock core_clk (rise edge)
   0.00    0.00   clock source latency
   0.00    0.00 ^ clk (in)
   0.13    0.13 ^ clkbuf_0_clk/X (sky130_fd_sc_hd__clkbuf_8)
   0.19    0.32 ^ clkbuf_2_2__f_clk/X (sky130_fd_sc_hd__clkbuf_8)
   0.00    0.32 ^ MASTER.clk_div[1]$_DFF_PP0_/CLK (sky130_fd_sc_hd__dfrtp_1)
   0.43    0.75 v MASTER.clk_div[1]$_DFF_PP0_/Q (sky130_fd_sc_hd__dfrtp_1)
   0.08    0.83 ^ _297_/Y (sky130_fd_sc_hd__inv_1)
   0.17    1.00 ^ _483_/COUT (sky130_fd_sc_hd__ha_1)
   0.58    1.58 v _301_/X (sky130_fd_sc_hd__or4bb_4)
   0.54    2.12 ^ _351_/Y (sky130_fd_sc_hd__nor3_4)
   0.42    2.54 v _355_/X (sky130_fd_sc_hd__mux2_2)
   0.00    2.54 v MASTER.rx_shift[11]$_DFFE_PP0P_/D (sky130_fd_sc_hd__dfrtp_1)
           2.54   data arrival time

  10.00   10.00   clock core_clk (rise edge)
   0.00   10.00   clock source latency
   0.00   10.00 ^ clk (in)
   0.13   10.13 ^ clkbuf_0_clk/X (sky130_fd_sc_hd__clkbuf_8)
   0.19   10.32 ^ clkbuf_2_1__f_clk/X (sky130_fd_sc_hd__clkbuf_8)
   0.00   10.33 ^ MASTER.rx_shift[11]$_DFFE_PP0P_/CLK (sky130_fd_sc_hd__dfrtp_1)
   0.00   10.33   clock reconvergence pessimism
  -0.10   10.22   library setup time
          10.22   data required time
---------------------------------------------------------
          10.22   data required time
          -2.54   data arrival time
---------------------------------------------------------
           7.68   slack (MET)



==========================================================================
global route report_checks -path_delay min reg to reg
--------------------------------------------------------------------------
Startpoint: MASTER.clk_div[0]$_DFF_PP0_
            (rising edge-triggered flip-flop clocked by core_clk)
Endpoint: MASTER.clk_div[0]$_DFF_PP0_
          (rising edge-triggered flip-flop clocked by core_clk)
Path Group: core_clk
Path Type: min

  Delay    Time   Description
---------------------------------------------------------
   0.00    0.00   clock core_clk (rise edge)
   0.00    0.00   clock source latency
   0.00    0.00 ^ clk (in)
   0.13    0.13 ^ clkbuf_0_clk/X (sky130_fd_sc_hd__clkbuf_8)
   0.19    0.32 ^ clkbuf_2_2__f_clk/X (sky130_fd_sc_hd__clkbuf_8)
   0.00    0.32 ^ MASTER.clk_div[0]$_DFF_PP0_/CLK (sky130_fd_sc_hd__dfrtp_1)
   0.43    0.75 ^ MASTER.clk_div[0]$_DFF_PP0_/Q (sky130_fd_sc_hd__dfrtp_1)
   0.07    0.82 v _287_/Y (sky130_fd_sc_hd__nor2_1)
   0.00    0.82 v MASTER.clk_div[0]$_DFF_PP0_/D (sky130_fd_sc_hd__dfrtp_1)
           0.82   data arrival time

   0.00    0.00   clock core_clk (rise edge)
   0.00    0.00   clock source latency
   0.00    0.00 ^ clk (in)
   0.13    0.13 ^ clkbuf_0_clk/X (sky130_fd_sc_hd__clkbuf_8)
   0.19    0.32 ^ clkbuf_2_2__f_clk/X (sky130_fd_sc_hd__clkbuf_8)
   0.00    0.32 ^ MASTER.clk_div[0]$_DFF_PP0_/CLK (sky130_fd_sc_hd__dfrtp_1)
   0.00    0.32   clock reconvergence pessimism
  -0.03    0.29   library hold time
           0.29   data required time
---------------------------------------------------------
           0.29   data required time
          -0.82   data arrival time
---------------------------------------------------------
           0.52   slack (MET)



==========================================================================
global route critical path target clock latency max path
--------------------------------------------------------------------------
0.3219

==========================================================================
global route critical path target clock latency min path
--------------------------------------------------------------------------
0.3344

==========================================================================
global route critical path source clock latency min path
--------------------------------------------------------------------------
0.0000

==========================================================================
global route critical path delay
--------------------------------------------------------------------------
4.0717

==========================================================================
global route critical path slack
--------------------------------------------------------------------------
6.1521

==========================================================================
global route slack div critical path delay
--------------------------------------------------------------------------
151.094138

==========================================================================
global route report_power
--------------------------------------------------------------------------
Group                  Internal  Switching    Leakage      Total
                          Power      Power      Power      Power (Watts)
----------------------------------------------------------------
Sequential             2.37e-04   1.59e-06   1.04e-09   2.39e-04  52.7%
Combinational          2.01e-05   2.57e-05   9.40e-10   4.59e-05  10.1%
Clock                  7.64e-05   9.18e-05   5.87e-11   1.68e-04  37.1%
Macro                  0.00e+00   0.00e+00   0.00e+00   0.00e+00   0.0%
Pad                    0.00e+00   0.00e+00   0.00e+00   0.00e+00   0.0%
----------------------------------------------------------------
Total                  3.34e-04   1.19e-04   2.04e-09   4.53e-04 100.0%
                          73.7%      26.3%       0.0%
