
==========================================================================
finish report_tns
--------------------------------------------------------------------------
tns max 0.00

==========================================================================
finish report_wns
--------------------------------------------------------------------------
wns max 0.00

==========================================================================
finish report_worst_slack
--------------------------------------------------------------------------
worst slack max 6.24

==========================================================================
finish report_clock_min_period
--------------------------------------------------------------------------
core_clk period_min = 3.76 fmax = 265.67

==========================================================================
finish report_clock_skew
--------------------------------------------------------------------------
Clock core_clk
   0.30 source latency MASTER.clk_div[0]$_DFF_PP0_/CLK ^
  -0.31 target latency MASTER.tx_shift[9]$_DFFE_PP0P_/CLK ^
   0.00 CRPR
--------------
  -0.01 setup skew


==========================================================================
finish report_checks -path_delay min
--------------------------------------------------------------------------
Startpoint: rst (input port clocked by core_clk)
Endpoint: MASTER.dout[4]$_DFFE_PP0P_
          (removal check against rising-edge clock core_clk)
Path Group: asynchronous
Path Type: min

Fanout     Cap    Slew   Delay    Time   Description
-----------------------------------------------------------------------------
                          0.00    0.00   clock core_clk (rise edge)
                          0.00    0.00   clock network delay (propagated)
                          2.00    2.00 v input external delay
     1    0.00    0.00    0.00    2.00 v rst (in)
                                         rst (net)
                  0.00    0.00    2.00 v input16/A (sky130_fd_sc_hd__clkdlybuf4s50_1)
     1    0.00    0.06    0.41    2.41 v input16/X (sky130_fd_sc_hd__clkdlybuf4s50_1)
                                         net16 (net)
                  0.06    0.00    2.41 v _296_/A (sky130_fd_sc_hd__inv_2)
     1    0.00    0.03    0.05    2.45 ^ _296_/Y (sky130_fd_sc_hd__inv_2)
                                         _032_ (net)
                  0.03    0.00    2.45 ^ place68/A (sky130_fd_sc_hd__buf_4)
    55    0.26    0.70    0.56    3.01 ^ place68/X (sky130_fd_sc_hd__buf_4)
                                         net68 (net)
                  0.70    0.00    3.01 ^ MASTER.dout[4]$_DFFE_PP0P_/RESET_B (sky130_fd_sc_hd__dfrtp_1)
                                  3.01   data arrival time

                          0.00    0.00   clock core_clk (rise edge)
                          0.00    0.00   clock source latency
     1    0.02    0.00    0.00    0.00 ^ clk (in)
                                         clk (net)
                  0.00    0.00    0.00 ^ clkbuf_0_clk/A (sky130_fd_sc_hd__clkbuf_8)
     4    0.03    0.06    0.13    0.13 ^ clkbuf_0_clk/X (sky130_fd_sc_hd__clkbuf_8)
                                         clknet_0_clk (net)
                  0.06    0.00    0.13 ^ clkbuf_2_0__f_clk/A (sky130_fd_sc_hd__clkbuf_8)
    18    0.05    0.10    0.18    0.30 ^ clkbuf_2_0__f_clk/X (sky130_fd_sc_hd__clkbuf_8)
                                         clknet_2_0__leaf_clk (net)
                  0.10    0.00    0.30 ^ MASTER.dout[4]$_DFFE_PP0P_/CLK (sky130_fd_sc_hd__dfrtp_1)
                          0.00    0.30   clock reconvergence pessimism
                          0.51    0.82   library removal time
                                  0.82   data required time
-----------------------------------------------------------------------------
                                  0.82   data required time
                                 -3.01   data arrival time
-----------------------------------------------------------------------------
                                  2.19   slack (MET)


Startpoint: MASTER.clk_div[0]$_DFF_PP0_
            (rising edge-triggered flip-flop clocked by core_clk)
Endpoint: MASTER.clk_div[0]$_DFF_PP0_
          (rising edge-triggered flip-flop clocked by core_clk)
Path Group: core_clk
Path Type: min

Fanout     Cap    Slew   Delay    Time   Description
-----------------------------------------------------------------------------
                          0.00    0.00   clock core_clk (rise edge)
                          0.00    0.00   clock source latency
     1    0.02    0.00    0.00    0.00 ^ clk (in)
                                         clk (net)
                  0.00    0.00    0.00 ^ clkbuf_0_clk/A (sky130_fd_sc_hd__clkbuf_8)
     4    0.03    0.06    0.13    0.13 ^ clkbuf_0_clk/X (sky130_fd_sc_hd__clkbuf_8)
                                         clknet_0_clk (net)
                  0.06    0.00    0.13 ^ clkbuf_2_2__f_clk/A (sky130_fd_sc_hd__clkbuf_8)
    12    0.05    0.10    0.17    0.30 ^ clkbuf_2_2__f_clk/X (sky130_fd_sc_hd__clkbuf_8)
                                         clknet_2_2__leaf_clk (net)
                  0.10    0.00    0.30 ^ MASTER.clk_div[0]$_DFF_PP0_/CLK (sky130_fd_sc_hd__dfrtp_1)
     4    0.01    0.13    0.41    0.71 ^ MASTER.clk_div[0]$_DFF_PP0_/Q (sky130_fd_sc_hd__dfrtp_1)
                                         MASTER.clk_div[0] (net)
                  0.13    0.00    0.71 ^ _287_/A (sky130_fd_sc_hd__nor2_1)
     1    0.00    0.04    0.06    0.77 v _287_/Y (sky130_fd_sc_hd__nor2_1)
                                         _007_ (net)
                  0.04    0.00    0.77 v MASTER.clk_div[0]$_DFF_PP0_/D (sky130_fd_sc_hd__dfrtp_1)
                                  0.77   data arrival time

                          0.00    0.00   clock core_clk (rise edge)
                          0.00    0.00   clock source latency
     1    0.02    0.00    0.00    0.00 ^ clk (in)
                                         clk (net)
                  0.00    0.00    0.00 ^ clkbuf_0_clk/A (sky130_fd_sc_hd__clkbuf_8)
     4    0.03    0.06    0.13    0.13 ^ clkbuf_0_clk/X (sky130_fd_sc_hd__clkbuf_8)
                                         clknet_0_clk (net)
                  0.06    0.00    0.13 ^ clkbuf_2_2__f_clk/A (sky130_fd_sc_hd__clkbuf_8)
    12    0.05    0.10    0.17    0.30 ^ clkbuf_2_2__f_clk/X (sky130_fd_sc_hd__clkbuf_8)
                                         clknet_2_2__leaf_clk (net)
                  0.10    0.00    0.30 ^ MASTER.clk_div[0]$_DFF_PP0_/CLK (sky130_fd_sc_hd__dfrtp_1)
                          0.00    0.30   clock reconvergence pessimism
                         -0.03    0.27   library hold time
                                  0.27   data required time
-----------------------------------------------------------------------------
                                  0.27   data required time
                                 -0.77   data arrival time
-----------------------------------------------------------------------------
                                  0.50   slack (MET)



==========================================================================
finish report_checks -path_delay max
--------------------------------------------------------------------------
Startpoint: rst (input port clocked by core_clk)
Endpoint: MASTER.tx_shift[10]$_DFFE_PP0P_
          (recovery check against rising-edge clock core_clk)
Path Group: asynchronous
Path Type: max

Fanout     Cap    Slew   Delay    Time   Description
-----------------------------------------------------------------------------
                          0.00    0.00   clock core_clk (rise edge)
                          0.00    0.00   clock network delay (propagated)
                          2.00    2.00 v input external delay
     1    0.00    0.00    0.00    2.00 v rst (in)
                                         rst (net)
                  0.00    0.00    2.00 v input16/A (sky130_fd_sc_hd__clkdlybuf4s50_1)
     1    0.00    0.06    0.41    2.41 v input16/X (sky130_fd_sc_hd__clkdlybuf4s50_1)
                                         net16 (net)
                  0.06    0.00    2.41 v _296_/A (sky130_fd_sc_hd__inv_2)
     1    0.00    0.03    0.05    2.45 ^ _296_/Y (sky130_fd_sc_hd__inv_2)
                                         _032_ (net)
                  0.03    0.00    2.45 ^ place68/A (sky130_fd_sc_hd__buf_4)
    55    0.26    0.70    0.56    3.01 ^ place68/X (sky130_fd_sc_hd__buf_4)
                                         net68 (net)
                  0.71    0.03    3.04 ^ MASTER.tx_shift[10]$_DFFE_PP0P_/RESET_B (sky130_fd_sc_hd__dfrtp_1)
                                  3.04   data arrival time

                         10.00   10.00   clock core_clk (rise edge)
                          0.00   10.00   clock source latency
     1    0.02    0.00    0.00   10.00 ^ clk (in)
                                         clk (net)
                  0.00    0.00   10.00 ^ clkbuf_0_clk/A (sky130_fd_sc_hd__clkbuf_8)
     4    0.03    0.06    0.13   10.13 ^ clkbuf_0_clk/X (sky130_fd_sc_hd__clkbuf_8)
                                         clknet_0_clk (net)
                  0.06    0.00   10.13 ^ clkbuf_2_2__f_clk/A (sky130_fd_sc_hd__clkbuf_8)
    12    0.05    0.10    0.17   10.30 ^ clkbuf_2_2__f_clk/X (sky130_fd_sc_hd__clkbuf_8)
                                         clknet_2_2__leaf_clk (net)
                  0.10    0.00   10.30 ^ MASTER.tx_shift[10]$_DFFE_PP0P_/CLK (sky130_fd_sc_hd__dfrtp_1)
                          0.00   10.30   clock reconvergence pessimism
                          0.08   10.38   library recovery time
                                 10.38   data required time
-----------------------------------------------------------------------------
                                 10.38   data required time
                                 -3.04   data arrival time
-----------------------------------------------------------------------------
                                  7.34   slack (MET)


Startpoint: cpol (input port clocked by core_clk)
Endpoint: MASTER.rx_shift[1]$_DFFE_PP0P_
          (rising edge-triggered flip-flop clocked by core_clk)
Path Group: core_clk
Path Type: max

Fanout     Cap    Slew   Delay    Time   Description
-----------------------------------------------------------------------------
                          0.00    0.00   clock core_clk (rise edge)
                          0.00    0.00   clock network delay (propagated)
                          2.00    2.00 ^ input external delay
     1    0.00    0.00    0.00    2.00 ^ cpol (in)
                                         cpol (net)
                  0.00    0.00    2.00 ^ input2/A (sky130_fd_sc_hd__clkdlybuf4s50_1)
     2    0.01    0.13    0.52    2.52 ^ input2/X (sky130_fd_sc_hd__clkdlybuf4s50_1)
                                         net2 (net)
                  0.13    0.00    2.52 ^ _257_/B (sky130_fd_sc_hd__xor2_2)
     4    0.04    0.44    0.39    2.91 ^ _257_/X (sky130_fd_sc_hd__xor2_2)
                                         _093_ (net)
                  0.44    0.00    2.91 ^ _306_/S (sky130_fd_sc_hd__mux2i_4)
     5    0.03    0.14    0.18    3.09 v _306_/Y (sky130_fd_sc_hd__mux2i_4)
                                         _119_ (net)
                  0.14    0.00    3.10 v _351_/C (sky130_fd_sc_hd__nor3_4)
    12    0.05    0.55    0.46    3.56 ^ _351_/Y (sky130_fd_sc_hd__nor3_4)
                                         _146_ (net)
                  0.55    0.00    3.56 ^ _356_/S (sky130_fd_sc_hd__mux2_2)
     1    0.00    0.05    0.40    3.96 v _356_/X (sky130_fd_sc_hd__mux2_2)
                                         _055_ (net)
                  0.05    0.00    3.96 v MASTER.rx_shift[1]$_DFFE_PP0P_/D (sky130_fd_sc_hd__dfrtp_1)
                                  3.96   data arrival time

                         10.00   10.00   clock core_clk (rise edge)
                          0.00   10.00   clock source latency
     1    0.02    0.00    0.00   10.00 ^ clk (in)
                                         clk (net)
                  0.00    0.00   10.00 ^ clkbuf_0_clk/A (sky130_fd_sc_hd__clkbuf_8)
     4    0.03    0.06    0.13   10.13 ^ clkbuf_0_clk/X (sky130_fd_sc_hd__clkbuf_8)
                                         clknet_0_clk (net)
                  0.06    0.00   10.13 ^ clkbuf_2_0__f_clk/A (sky130_fd_sc_hd__clkbuf_8)
    18    0.05    0.10    0.18   10.30 ^ clkbuf_2_0__f_clk/X (sky130_fd_sc_hd__clkbuf_8)
                                         clknet_2_0__leaf_clk (net)
                  0.10    0.00   10.30 ^ MASTER.rx_shift[1]$_DFFE_PP0P_/CLK (sky130_fd_sc_hd__dfrtp_1)
                          0.00   10.30   clock reconvergence pessimism
                         -0.10   10.20   library setup time
                                 10.20   data required time
-----------------------------------------------------------------------------
                                 10.20   data required time
                                 -3.96   data arrival time
-----------------------------------------------------------------------------
                                  6.24   slack (MET)



==========================================================================
finish report_checks -unconstrained
--------------------------------------------------------------------------
Startpoint: rst (input port clocked by core_clk)
Endpoint: MASTER.tx_shift[10]$_DFFE_PP0P_
          (recovery check against rising-edge clock core_clk)
Path Group: asynchronous
Path Type: max

Fanout     Cap    Slew   Delay    Time   Description
-----------------------------------------------------------------------------
                          0.00    0.00   clock core_clk (rise edge)
                          0.00    0.00   clock network delay (propagated)
                          2.00    2.00 v input external delay
     1    0.00    0.00    0.00    2.00 v rst (in)
                                         rst (net)
                  0.00    0.00    2.00 v input16/A (sky130_fd_sc_hd__clkdlybuf4s50_1)
     1    0.00    0.06    0.41    2.41 v input16/X (sky130_fd_sc_hd__clkdlybuf4s50_1)
                                         net16 (net)
                  0.06    0.00    2.41 v _296_/A (sky130_fd_sc_hd__inv_2)
     1    0.00    0.03    0.05    2.45 ^ _296_/Y (sky130_fd_sc_hd__inv_2)
                                         _032_ (net)
                  0.03    0.00    2.45 ^ place68/A (sky130_fd_sc_hd__buf_4)
    55    0.26    0.70    0.56    3.01 ^ place68/X (sky130_fd_sc_hd__buf_4)
                                         net68 (net)
                  0.71    0.03    3.04 ^ MASTER.tx_shift[10]$_DFFE_PP0P_/RESET_B (sky130_fd_sc_hd__dfrtp_1)
                                  3.04   data arrival time

                         10.00   10.00   clock core_clk (rise edge)
                          0.00   10.00   clock source latency
     1    0.02    0.00    0.00   10.00 ^ clk (in)
                                         clk (net)
                  0.00    0.00   10.00 ^ clkbuf_0_clk/A (sky130_fd_sc_hd__clkbuf_8)
     4    0.03    0.06    0.13   10.13 ^ clkbuf_0_clk/X (sky130_fd_sc_hd__clkbuf_8)
                                         clknet_0_clk (net)
                  0.06    0.00   10.13 ^ clkbuf_2_2__f_clk/A (sky130_fd_sc_hd__clkbuf_8)
    12    0.05    0.10    0.17   10.30 ^ clkbuf_2_2__f_clk/X (sky130_fd_sc_hd__clkbuf_8)
                                         clknet_2_2__leaf_clk (net)
                  0.10    0.00   10.30 ^ MASTER.tx_shift[10]$_DFFE_PP0P_/CLK (sky130_fd_sc_hd__dfrtp_1)
                          0.00   10.30   clock reconvergence pessimism
                          0.08   10.38   library recovery time
                                 10.38   data required time
-----------------------------------------------------------------------------
                                 10.38   data required time
                                 -3.04   data arrival time
-----------------------------------------------------------------------------
                                  7.34   slack (MET)


Startpoint: cpol (input port clocked by core_clk)
Endpoint: MASTER.rx_shift[1]$_DFFE_PP0P_
          (rising edge-triggered flip-flop clocked by core_clk)
Path Group: core_clk
Path Type: max

Fanout     Cap    Slew   Delay    Time   Description
-----------------------------------------------------------------------------
                          0.00    0.00   clock core_clk (rise edge)
                          0.00    0.00   clock network delay (propagated)
                          2.00    2.00 ^ input external delay
     1    0.00    0.00    0.00    2.00 ^ cpol (in)
                                         cpol (net)
                  0.00    0.00    2.00 ^ input2/A (sky130_fd_sc_hd__clkdlybuf4s50_1)
     2    0.01    0.13    0.52    2.52 ^ input2/X (sky130_fd_sc_hd__clkdlybuf4s50_1)
                                         net2 (net)
                  0.13    0.00    2.52 ^ _257_/B (sky130_fd_sc_hd__xor2_2)
     4    0.04    0.44    0.39    2.91 ^ _257_/X (sky130_fd_sc_hd__xor2_2)
                                         _093_ (net)
                  0.44    0.00    2.91 ^ _306_/S (sky130_fd_sc_hd__mux2i_4)
     5    0.03    0.14    0.18    3.09 v _306_/Y (sky130_fd_sc_hd__mux2i_4)
                                         _119_ (net)
                  0.14    0.00    3.10 v _351_/C (sky130_fd_sc_hd__nor3_4)
    12    0.05    0.55    0.46    3.56 ^ _351_/Y (sky130_fd_sc_hd__nor3_4)
                                         _146_ (net)
                  0.55    0.00    3.56 ^ _356_/S (sky130_fd_sc_hd__mux2_2)
     1    0.00    0.05    0.40    3.96 v _356_/X (sky130_fd_sc_hd__mux2_2)
                                         _055_ (net)
                  0.05    0.00    3.96 v MASTER.rx_shift[1]$_DFFE_PP0P_/D (sky130_fd_sc_hd__dfrtp_1)
                                  3.96   data arrival time

                         10.00   10.00   clock core_clk (rise edge)
                          0.00   10.00   clock source latency
     1    0.02    0.00    0.00   10.00 ^ clk (in)
                                         clk (net)
                  0.00    0.00   10.00 ^ clkbuf_0_clk/A (sky130_fd_sc_hd__clkbuf_8)
     4    0.03    0.06    0.13   10.13 ^ clkbuf_0_clk/X (sky130_fd_sc_hd__clkbuf_8)
                                         clknet_0_clk (net)
                  0.06    0.00   10.13 ^ clkbuf_2_0__f_clk/A (sky130_fd_sc_hd__clkbuf_8)
    18    0.05    0.10    0.18   10.30 ^ clkbuf_2_0__f_clk/X (sky130_fd_sc_hd__clkbuf_8)
                                         clknet_2_0__leaf_clk (net)
                  0.10    0.00   10.30 ^ MASTER.rx_shift[1]$_DFFE_PP0P_/CLK (sky130_fd_sc_hd__dfrtp_1)
                          0.00   10.30   clock reconvergence pessimism
                         -0.10   10.20   library setup time
                                 10.20   data required time
-----------------------------------------------------------------------------
                                 10.20   data required time
                                 -3.96   data arrival time
-----------------------------------------------------------------------------
                                  6.24   slack (MET)



==========================================================================
finish report_check_types -max_slew -max_cap -max_fanout -violators
--------------------------------------------------------------------------

==========================================================================
finish max_slew_check_slack
--------------------------------------------------------------------------
0.7941777110099792

==========================================================================
finish max_slew_check_limit
--------------------------------------------------------------------------
1.5

==========================================================================
finish max_slew_check_slack_limit
--------------------------------------------------------------------------
0.5295

==========================================================================
finish max_fanout_check_slack
--------------------------------------------------------------------------
1.0000000150474662e+30

==========================================================================
finish max_fanout_check_limit
--------------------------------------------------------------------------
1.0000000150474662e+30

==========================================================================
finish max_capacitance_check_slack
--------------------------------------------------------------------------
0.043161336332559586

==========================================================================
finish max_capacitance_check_limit
--------------------------------------------------------------------------
0.04944799840450287

==========================================================================
finish max_capacitance_check_slack_limit
--------------------------------------------------------------------------
0.8729

==========================================================================
finish max_slew_violation_count
--------------------------------------------------------------------------
max slew violation count 0

==========================================================================
finish max_fanout_violation_count
--------------------------------------------------------------------------
max fanout violation count 0

==========================================================================
finish max_cap_violation_count
--------------------------------------------------------------------------
max cap violation count 0

==========================================================================
finish setup_violation_count
--------------------------------------------------------------------------
setup violation count 0

==========================================================================
finish hold_violation_count
--------------------------------------------------------------------------
hold violation count 0

==========================================================================
finish report_checks -path_delay max reg to reg
--------------------------------------------------------------------------
Startpoint: MASTER.clk_div[1]$_DFF_PP0_
            (rising edge-triggered flip-flop clocked by core_clk)
Endpoint: MASTER.rx_shift[1]$_DFFE_PP0P_
          (rising edge-triggered flip-flop clocked by core_clk)
Path Group: core_clk
Path Type: max

  Delay    Time   Description
---------------------------------------------------------
   0.00    0.00   clock core_clk (rise edge)
   0.00    0.00   clock source latency
   0.00    0.00 ^ clk (in)
   0.13    0.13 ^ clkbuf_0_clk/X (sky130_fd_sc_hd__clkbuf_8)
   0.18    0.30 ^ clkbuf_2_2__f_clk/X (sky130_fd_sc_hd__clkbuf_8)
   0.00    0.30 ^ MASTER.clk_div[1]$_DFF_PP0_/CLK (sky130_fd_sc_hd__dfrtp_1)
   0.41    0.71 v MASTER.clk_div[1]$_DFF_PP0_/Q (sky130_fd_sc_hd__dfrtp_1)
   0.06    0.77 ^ _297_/Y (sky130_fd_sc_hd__inv_1)
   0.16    0.93 ^ _483_/COUT (sky130_fd_sc_hd__ha_1)
   0.58    1.51 v _301_/X (sky130_fd_sc_hd__or4bb_4)
   0.50    2.01 ^ _351_/Y (sky130_fd_sc_hd__nor3_4)
   0.40    2.41 v _356_/X (sky130_fd_sc_hd__mux2_2)
   0.00    2.41 v MASTER.rx_shift[1]$_DFFE_PP0P_/D (sky130_fd_sc_hd__dfrtp_1)
           2.41   data arrival time

  10.00   10.00   clock core_clk (rise edge)
   0.00   10.00   clock source latency
   0.00   10.00 ^ clk (in)
   0.13   10.13 ^ clkbuf_0_clk/X (sky130_fd_sc_hd__clkbuf_8)
   0.18   10.30 ^ clkbuf_2_0__f_clk/X (sky130_fd_sc_hd__clkbuf_8)
   0.00   10.30 ^ MASTER.rx_shift[1]$_DFFE_PP0P_/CLK (sky130_fd_sc_hd__dfrtp_1)
   0.00   10.30   clock reconvergence pessimism
  -0.10   10.20   library setup time
          10.20   data required time
---------------------------------------------------------
          10.20   data required time
          -2.41   data arrival time
---------------------------------------------------------
           7.79   slack (MET)



==========================================================================
finish report_checks -path_delay min reg to reg
--------------------------------------------------------------------------
Startpoint: MASTER.clk_div[0]$_DFF_PP0_
            (rising edge-triggered flip-flop clocked by core_clk)
Endpoint: MASTER.clk_div[0]$_DFF_PP0_
          (rising edge-triggered flip-flop clocked by core_clk)
Path Group: core_clk
Path Type: min

  Delay    Time   Description
---------------------------------------------------------
   0.00    0.00   clock core_clk (rise edge)
   0.00    0.00   clock source latency
   0.00    0.00 ^ clk (in)
   0.13    0.13 ^ clkbuf_0_clk/X (sky130_fd_sc_hd__clkbuf_8)
   0.18    0.30 ^ clkbuf_2_2__f_clk/X (sky130_fd_sc_hd__clkbuf_8)
   0.00    0.30 ^ MASTER.clk_div[0]$_DFF_PP0_/CLK (sky130_fd_sc_hd__dfrtp_1)
   0.41    0.71 ^ MASTER.clk_div[0]$_DFF_PP0_/Q (sky130_fd_sc_hd__dfrtp_1)
   0.06    0.77 v _287_/Y (sky130_fd_sc_hd__nor2_1)
   0.00    0.77 v MASTER.clk_div[0]$_DFF_PP0_/D (sky130_fd_sc_hd__dfrtp_1)
           0.77   data arrival time

   0.00    0.00   clock core_clk (rise edge)
   0.00    0.00   clock source latency
   0.00    0.00 ^ clk (in)
   0.13    0.13 ^ clkbuf_0_clk/X (sky130_fd_sc_hd__clkbuf_8)
   0.18    0.30 ^ clkbuf_2_2__f_clk/X (sky130_fd_sc_hd__clkbuf_8)
   0.00    0.30 ^ MASTER.clk_div[0]$_DFF_PP0_/CLK (sky130_fd_sc_hd__dfrtp_1)
   0.00    0.30   clock reconvergence pessimism
  -0.03    0.27   library hold time
           0.27   data required time
---------------------------------------------------------
           0.27   data required time
          -0.77   data arrival time
---------------------------------------------------------
           0.50   slack (MET)



==========================================================================
finish critical path target clock latency max path
--------------------------------------------------------------------------
0.3022

==========================================================================
finish critical path target clock latency min path
--------------------------------------------------------------------------
0.3042

==========================================================================
finish critical path source clock latency min path
--------------------------------------------------------------------------
0.0000

==========================================================================
finish critical path delay
--------------------------------------------------------------------------
3.9635

==========================================================================
finish critical path slack
--------------------------------------------------------------------------
6.2360

==========================================================================
finish slack div critical path delay
--------------------------------------------------------------------------
157.335688

==========================================================================
finish report_power
--------------------------------------------------------------------------
Group                  Internal  Switching    Leakage      Total
                          Power      Power      Power      Power (Watts)
----------------------------------------------------------------
Sequential             2.37e-04   1.29e-06   1.04e-09   2.38e-04  55.1%
Combinational          2.00e-05   2.12e-05   9.40e-10   4.12e-05   9.5%
Clock                  7.60e-05   7.67e-05   5.87e-11   1.53e-04  35.3%
Macro                  0.00e+00   0.00e+00   0.00e+00   0.00e+00   0.0%
Pad                    0.00e+00   0.00e+00   0.00e+00   0.00e+00   0.0%
----------------------------------------------------------------
Total                  3.33e-04   9.91e-05   2.04e-09   4.32e-04 100.0%
                          77.1%      22.9%       0.0%
